SET
SET
SET
SET
SET
SET
SET
SET
                                                  QUERY PLAN                                                  
--------------------------------------------------------------------------------------------------------------
 Limit  (cost=590539.18..590539.55 rows=8 width=49)
   ->  Gather  (cost=136372.52..590539.55 rows=10000008 width=49)
         Workers Planned: 4
         ->  Parallel Bitmap Heap Scan on bitmap_scan_test  (cost=136372.52..590539.55 rows=2500002 width=49)
               Recheck Cond: ((a >= '-10'::integer) AND (a <= 102))
               ->  Bitmap Index Scan on bitmap_scan_test_a_idx  (cost=0.00..133872.52 rows=10000008 width=0)
                     Index Cond: ((a >= '-10'::integer) AND (a <= 102))
(7 rows)

Timing is on.
 a | b | c 
---+---+---
(0 rows)

Time: 2273.936 ms (00:02.274)
